<?xml version="1.0" encoding="UTF-8"?>
<!-- Generated by org.testng.reporters.JUnitXMLReporter -->
<testsuite ignored="0" hostname="ustjava87" failures="0" tests="1" name="TestAndroid" time="1.804" errors="0" timestamp="08 Nov 2021 12:01:02 GMT">
  <testcase classname="com.experitest.auto.AndroidDemoTest" name="@BeforeMethod setUp" time="0.0">
    <failure type="com.experitest.client.InternalException" message="The method lockDeviceForExecution failed with error: &amp;apos;The maximum allowed number of reservations has been exceeded: 2&amp;apos;">
      <![CDATA[com.experitest.client.InternalException: The method lockDeviceForExecution failed with error: 'The maximum allowed number of reservations has been exceeded: 2'
	at com.experitest.client.GridClient.lockDeviceForExecution(GridClient.java:460)
	at com.experitest.client.GridClient.lockDeviceForExecution(GridClient.java:253)
	at com.experitest.auto.BaseTest.init(BaseTest.java:36)
	at com.experitest.auto.AndroidDemoTest.setUp(AndroidDemoTest.java:14)
	at java.base/java.util.concurrent.FutureTask.run(FutureTask.java:264)
	at java.base/java.util.concurrent.ThreadPoolExecutor.runWorker(ThreadPoolExecutor.java:1136)
	at java.base/java.util.concurrent.ThreadPoolExecutor$Worker.run(ThreadPoolExecutor.java:635)
	at java.base/java.lang.Thread.run(Thread.java:833)
... Removed 18 stack frames]]>
    </failure>
  </testcase> <!-- @BeforeMethod setUp -->
  <testcase classname="com.experitest.auto.BaseTest" name="@AfterMethod tearDown" time="0.0">
    <skipped/>
  </testcase> <!-- @AfterMethod tearDown -->
  <testcase classname="com.experitest.auto.AndroidDemoTest" name="test" time="0.001">
    <skipped/>
  </testcase> <!-- test -->
</testsuite> <!-- TestAndroid -->
